customresourcedefinition.apiextensions.k8s.io/applications.argoproj.io serverside-applied
customresourcedefinition.apiextensions.k8s.io/applicationsets.argoproj.io serverside-applied
customresourcedefinition.apiextensions.k8s.io/appprojects.argoproj.io serverside-applied
serviceaccount/argocd-application-controller serverside-applied
serviceaccount/argocd-applicationset-controller serverside-applied
serviceaccount/argocd-dex-server serverside-applied
serviceaccount/argocd-notifications-controller serverside-applied
serviceaccount/argocd-redis serverside-applied
serviceaccount/argocd-repo-server serverside-applied
serviceaccount/argocd-server serverside-applied
role.rbac.authorization.k8s.io/argocd-application-controller serverside-applied
role.rbac.authorization.k8s.io/argocd-applicationset-controller serverside-applied
role.rbac.authorization.k8s.io/argocd-dex-server serverside-applied
role.rbac.authorization.k8s.io/argocd-notifications-controller serverside-applied
role.rbac.authorization.k8s.io/argocd-redis serverside-applied
role.rbac.authorization.k8s.io/argocd-server serverside-applied
clusterrole.rbac.authorization.k8s.io/argocd-application-controller serverside-applied
clusterrole.rbac.authorization.k8s.io/argocd-applicationset-controller serverside-applied
clusterrole.rbac.authorization.k8s.io/argocd-server serverside-applied
rolebinding.rbac.authorization.k8s.io/argocd-application-controller serverside-applied
rolebinding.rbac.authorization.k8s.io/argocd-applicationset-controller serverside-applied
rolebinding.rbac.authorization.k8s.io/argocd-dex-server serverside-applied
rolebinding.rbac.authorization.k8s.io/argocd-notifications-controller serverside-applied
rolebinding.rbac.authorization.k8s.io/argocd-redis serverside-applied
rolebinding.rbac.authorization.k8s.io/argocd-server serverside-applied
clusterrolebinding.rbac.authorization.k8s.io/argocd-application-controller serverside-applied
clusterrolebinding.rbac.authorization.k8s.io/argocd-applicationset-controller serverside-applied
clusterrolebinding.rbac.authorization.k8s.io/argocd-server serverside-applied
configmap/argocd-cm serverside-applied
configmap/argocd-cmd-params-cm serverside-applied
configmap/argocd-gpg-keys-cm serverside-applied
configmap/argocd-notifications-cm serverside-applied
configmap/argocd-rbac-cm serverside-applied
configmap/argocd-ssh-known-hosts-cm serverside-applied
configmap/argocd-tls-certs-cm serverside-applied
secret/argocd-notifications-secret serverside-applied
secret/argocd-secret serverside-applied
service/argocd-applicationset-controller serverside-applied
service/argocd-dex-server serverside-applied
service/argocd-metrics serverside-applied
service/argocd-notifications-controller-metrics serverside-applied
service/argocd-redis serverside-applied
service/argocd-repo-server serverside-applied
service/argocd-server serverside-applied
service/argocd-server-metrics serverside-applied
deployment.apps/argocd-applicationset-controller serverside-applied
deployment.apps/argocd-dex-server serverside-applied
deployment.apps/argocd-notifications-controller serverside-applied
deployment.apps/argocd-redis serverside-applied
deployment.apps/argocd-repo-server serverside-applied
deployment.apps/argocd-server serverside-applied
statefulset.apps/argocd-application-controller serverside-applied
networkpolicy.networking.k8s.io/argocd-application-controller-network-policy serverside-applied
networkpolicy.networking.k8s.io/argocd-applicationset-controller-network-policy serverside-applied
networkpolicy.networking.k8s.io/argocd-dex-server-network-policy serverside-applied
networkpolicy.networking.k8s.io/argocd-notifications-controller-network-policy serverside-applied
networkpolicy.networking.k8s.io/argocd-redis-network-policy serverside-applied
networkpolicy.networking.k8s.io/argocd-repo-server-network-policy serverside-applied
networkpolicy.networking.k8s.io/argocd-server-network-policy serverside-applied
